<?xml version="1.0" encoding="UTF-8"?>
<!-- Generated by org.testng.reporters.JUnitReportReporter -->
<testsuite skipped="0" hostname="DESKTOP-18041999" name="UserActions.Register" tests="1" failures="0" timestamp="2021-05-11T12:00:50 IST" time="26.774" errors="0">
  <testcase name="register" time="26.774" classname="UserActions.Register"/>
  <system-out/>
</testsuite> <!-- UserActions.Register -->
