<?xml version="1.0" encoding="UTF-8"?>
<!-- Generated by org.testng.reporters.JUnitReportReporter -->
<testsuite skipped="0" hostname="DESKTOP-18041999" name="UserActions.EditProfile" tests="1" failures="0" timestamp="2021-05-11T12:17:59 IST" time="31.751" errors="0">
  <testcase name="EditPorfile" time="31.751" classname="UserActions.EditProfile"/>
  <system-out/>
</testsuite> <!-- UserActions.EditProfile -->
