<?xml version="1.0" encoding="UTF-8"?>
<!-- Generated by org.testng.reporters.JUnitReportReporter -->
<testsuite skipped="0" hostname="DESKTOP-18041999" name="UserActions.ChequeBookRequest" tests="1" failures="0" timestamp="2021-05-11T12:16:13 IST" time="33.094" errors="0">
  <testcase name="chequeBookRequest" time="33.094" classname="UserActions.ChequeBookRequest"/>
  <system-out/>
</testsuite> <!-- UserActions.ChequeBookRequest -->
