<?xml version="1.0" encoding="UTF-8"?>
<!-- Generated by org.testng.reporters.JUnitReportReporter -->
<testsuite skipped="0" hostname="prasad-siva" name="com.icinbank.Profiledisplay" tests="2" failures="0" timestamp="17 Aug 2020 12:34:42 GMT" time="55.564" errors="0">
  <testcase name="profileview" time="29.491" classname="com.icinbank.Profiledisplay"/>
  <testcase name="logoutTest" time="26.073" classname="com.icinbank.Profiledisplay"/>
</testsuite> <!-- com.icinbank.Profiledisplay -->
