<?xml version="1.0" encoding="UTF-8"?>
<!-- Generated by org.testng.reporters.JUnitReportReporter -->
<testsuite skipped="0" hostname="prasad-siva" name="com.icinbank.AddRecipient" tests="1" failures="0" timestamp="17 Aug 2020 12:34:42 GMT" time="33.385" errors="0">
  <testcase name="addRecipient" time="33.385" classname="com.icinbank.AddRecipient"/>
</testsuite> <!-- com.icinbank.AddRecipient -->
