<?xml version="1.0" encoding="UTF-8"?>
<!-- Generated by org.testng.reporters.JUnitReportReporter -->
<testsuite skipped="0" hostname="prasad-siva" name="com.icinbank.TransferbtwAccounts" tests="2" failures="0" timestamp="17 Aug 2020 12:34:42 GMT" time="64.316" errors="0">
  <testcase name="primaryTOsavings" time="32.933" classname="com.icinbank.TransferbtwAccounts"/>
  <testcase name="savingsTOprimary" time="31.383" classname="com.icinbank.TransferbtwAccounts"/>
</testsuite> <!-- com.icinbank.TransferbtwAccounts -->
