<?xml version="1.0" encoding="UTF-8"?>
<!-- Generated by org.testng.reporters.JUnitReportReporter -->
<testsuite skipped="0" hostname="prasad-siva" name="com.icinbank.LoginForm" tests="2" failures="0" timestamp="17 Aug 2020 12:34:42 GMT" time="32.098" errors="0">
  <testcase name="loginTest" time="13.413" classname="com.icinbank.LoginForm"/>
  <testcase name="invalidLoginTest" time="18.685" classname="com.icinbank.LoginForm"/>
</testsuite> <!-- com.icinbank.LoginForm -->
