<?xml version="1.0" encoding="UTF-8"?>
<!-- Generated by org.testng.reporters.JUnitReportReporter -->
<testsuite skipped="0" hostname="prasad-siva" name="com.icinbank.RequestChequebook" tests="1" failures="0" timestamp="17 Aug 2020 12:34:42 GMT" time="25.015" errors="0">
  <testcase name="requestcheque" time="25.015" classname="com.icinbank.RequestChequebook"/>
</testsuite> <!-- com.icinbank.RequestChequebook -->
