<?xml version="1.0" encoding="UTF-8"?>
<!-- Generated by org.testng.reporters.JUnitReportReporter -->
<testsuite skipped="0" hostname="prasad-siva" name="com.icinbank.Deposit" tests="2" failures="0" timestamp="17 Aug 2020 12:34:42 GMT" time="62.535" errors="0">
  <testcase name="primaryDeposit" time="32.945" classname="com.icinbank.Deposit"/>
  <testcase name="savingsDeposit" time="29.590" classname="com.icinbank.Deposit"/>
</testsuite> <!-- com.icinbank.Deposit -->
