<?xml version="1.0" encoding="UTF-8"?>
<!-- Generated by org.testng.reporters.JUnitReportReporter -->
<testsuite skipped="0" hostname="prasad-siva" name="com.icinbank.ICINBankApplicationTests" tests="1" failures="0" timestamp="16 Aug 2020 16:11:57 GMT" time="0.079" errors="0">
  <testcase name="contextLoads" time="0.079" classname="com.icinbank.ICINBankApplicationTests"/>
</testsuite> <!-- com.icinbank.ICINBankApplicationTests -->
