<?xml version="1.0" encoding="UTF-8"?>
<!-- Generated by org.testng.reporters.JUnitReportReporter -->
<testsuite skipped="0" hostname="prasad-siva" name="com.icinbank.RegistrationForm" tests="1" failures="0" timestamp="17 Aug 2020 12:34:42 GMT" time="31.859" errors="0">
  <testcase name="registrationTest" time="31.859" classname="com.icinbank.RegistrationForm"/>
</testsuite> <!-- com.icinbank.RegistrationForm -->
