<?xml version="1.0" encoding="UTF-8"?>
<!-- Generated by org.testng.reporters.JUnitReportReporter -->
<testsuite skipped="0" hostname="prasad-siva" name="com.icinbank.Withdraw" tests="2" failures="0" timestamp="17 Aug 2020 12:34:42 GMT" time="65.296" errors="0">
  <testcase name="primaryWithdraw" time="35.971" classname="com.icinbank.Withdraw"/>
  <testcase name="savingsWithdraw" time="29.325" classname="com.icinbank.Withdraw"/>
</testsuite> <!-- com.icinbank.Withdraw -->
